# project  configured on Thu Mar 31 18:37:52 2022 by
# waf 2.0.9 (abi 20, python 30902f0 on linux)
# using /home/phlastch/ARDU/ardupilot/modules/waf/waf-light configure --board=blue --rsync-dest debian@192.168.1.11:/home/debian/
#
----------------------------------------
Setting top to
/home/phlastch/ARDU/ardupilot
----------------------------------------
Setting out to
/home/phlastch/ARDU/ardupilot/build
----------------------------------------
Autoconfiguration
enabled
----------------------------------------
Setting board to
blue
----------------------------------------
Using toolchain
arm-linux-gnueabihf
----------------------------------------
Checking for 'g++' (C++ compiler)
find program=['arm-linux-gnueabihf-g++', 'arm-linux-gnueabihf-c++'] paths=['/home/phlastch/ardupilot/Tools/scripts/ardupilot/Tools/autotest', '/opt//bin', '/usr/lib/ccache', '/home/phlastch/ardupilot/Tools/autotest', '/home/phlastch/.local/bin', '/usr/local/sbin', '/usr/local/bin', '/usr/sbin', '/usr/bin', '/sbin', '/bin', '/usr/games', '/usr/local/games', '/usr/lib/wsl/lib', '/mnt/c/WINDOWS/system32', '/mnt/c/WINDOWS', '/mnt/c/WINDOWS/System32/Wbem', '/mnt/c/WINDOWS/System32/WindowsPowerShell/v1.0/', '/mnt/c/WINDOWS/System32/OpenSSH/', '/mnt/c/Program Files/Intel/WiFi/bin/', '/mnt/c/Program Files/Common Files/Intel/WirelessCommon/', '/mnt/c/Program Files/PuTTY/', '/mnt/c/Program Files/usbipd-win/', '/mnt/c/Users/silve/AppData/Local/Microsoft/WindowsApps'] var='CXX' -> ['/usr/lib/ccache/arm-linux-gnueabihf-g++']
['/usr/lib/ccache/arm-linux-gnueabihf-g++', '-dM', '-E', '-']
out: #define __DBL_MIN_EXP__ (-1021)
#define __HQ_FBIT__ 15
#define __UINT_LEAST16_MAX__ 0xffff
#define __ARM_SIZEOF_WCHAR_T 4
#define __SFRACT_IBIT__ 0
#define __FLT_MIN__ 1.1754943508222875e-38F
#define __GCC_IEC_559_COMPLEX 2
#define __UFRACT_MAX__ 0XFFFFP-16UR
#define __UINT_LEAST8_TYPE__ unsigned char
#define __FLT_MAX_EXP__ 128
#define __DQ_FBIT__ 63
#define __INTMAX_C(c) c ## LL
#define __ARM_FEATURE_SAT 1
#define __ULFRACT_FBIT__ 32
#define __CHAR_BIT__ 8
#define __USQ_IBIT__ 0
#define __UINT8_MAX__ 0xff
#define __ACCUM_FBIT__ 15
#define __WINT_MAX__ 0xffffffffU
#define __FLT32_MIN_EXP__ (-125)
#define __USFRACT_FBIT__ 8
#define __ORDER_LITTLE_ENDIAN__ 1234
#define __SIZE_MAX__ 0xffffffffU
#define __ARM_ARCH_ISA_ARM 1
#define __WCHAR_MAX__ 0xffffffffU
#define __LACCUM_IBIT__ 32
#define __GCC_HAVE_SYNC_COMPARE_AND_SWAP_1 1
#define __GCC_HAVE_SYNC_COMPARE_AND_SWAP_2 1
#define __GCC_HAVE_SYNC_COMPARE_AND_SWAP_4 1
#define __DBL_DENORM_MIN__ ((double)4.9406564584124654e-324L)
#define __GCC_HAVE_SYNC_COMPARE_AND_SWAP_8 1
#define __GCC_ATOMIC_CHAR_LOCK_FREE 2
#define __GCC_IEC_559 2
#define __FLT32X_DECIMAL_DIG__ 17
#define __FLT_EVAL_METHOD__ 0
#define __TQ_IBIT__ 0
#define __LLACCUM_MAX__ 0X7FFFFFFFFFFFFFFFP-31LLK
#define __FLT32_HAS_INFINITY__ 1
#define __FLT64_DECIMAL_DIG__ 17
#define __GCC_ATOMIC_CHAR32_T_LOCK_FREE 2
#define __INTPTR_WIDTH__ 32
#define __UINT_FAST64_MAX__ 0xffffffffffffffffULL
#define __SIG_ATOMIC_TYPE__ int
#define __DBL_MIN_10_EXP__ (-307)
#define __FINITE_MATH_ONLY__ 0
#define __ARMEL__ 1
#define __FLT32X_MAX_EXP__ 1024
#define __LFRACT_IBIT__ 0
#define __GNUC_PATCHLEVEL__ 1
#define __FLT32_HAS_DENORM__ 1
#define __USA_FBIT__ 16
#define __UINT_FAST8_MAX__ 0xff
#define __INT8_C(c) c
#define __INT_LEAST8_WIDTH__ 8
#define __UINT_LEAST64_MAX__ 0xffffffffffffffffULL
#define __SA_FBIT__ 15
#define __APCS_32__ 1
#define __SHRT_MAX__ 0x7fff
#define __LDBL_MAX__ 1.7976931348623157e+308L
#define __FRACT_MAX__ 0X7FFFP-15R
#define __thumb2__ 1
#define __UFRACT_FBIT__ 16
#define __ARM_FP 12
#define __UFRACT_MIN__ 0.0UR
#define __UINT_LEAST8_MAX__ 0xff
#define __GCC_ATOMIC_BOOL_LOCK_FREE 2
#define __UINTMAX_TYPE__ long long unsigned int
#define __LLFRACT_EPSILON__ 0x1P-63LLR
#define __linux 1
#define __FLT_EVAL_METHOD_TS_18661_3__ 0
#define __CHAR_UNSIGNED__ 1
#define __UINT32_MAX__ 0xffffffffU
#define __ULFRACT_MAX__ 0XFFFFFFFFP-32ULR
#define __TA_IBIT__ 64
#define __LDBL_MAX_EXP__ 1024
#define __WINT_MIN__ 0U
#define __ARM_ASM_SYNTAX_UNIFIED__ 1
#define __INT_LEAST16_WIDTH__ 16
#define __ULLFRACT_MIN__ 0.0ULLR
#define __SCHAR_MAX__ 0x7f
#define __WCHAR_MIN__ 0U
#define __INT64_C(c) c ## LL
#define __GCC_ATOMIC_POINTER_LOCK_FREE 2
#define __LLACCUM_MIN__ (-0X1P31LLK-0X1P31LLK)
#define __SIZEOF_INT__ 4
#define __FLT32X_MANT_DIG__ 53
#define __USACCUM_IBIT__ 8
#define __USER_LABEL_PREFIX__ 
#define __STDC_HOSTED__ 1
#define __FLT_DIG__ 6
#define __LFRACT_MIN__ (-0.5LR-0.5LR)
#define __HA_IBIT__ 8
#define __FLT32_DIG__ 6
#define __FLT_EPSILON__ 1.1920928955078125e-7F
#define __SHRT_WIDTH__ 16
#define __USFRACT_IBIT__ 0
#define __LDBL_MIN__ 2.2250738585072014e-308L
#define __STDC_UTF_16__ 1
#define __FRACT_MIN__ (-0.5R-0.5R)
#define __DA_IBIT__ 32
#define __ARM_SIZEOF_MINIMAL_ENUM 4
#define __FLT32X_HAS_INFINITY__ 1
#define __UQQ_FBIT__ 8
#define __SIZEOF_LONG__ 4
#define __UACCUM_MAX__ 0XFFFFFFFFP-16UK
#define __STDC_IEC_559__ 1
#define __STDC_ISO_10646__ 201706L
#define __DECIMAL_DIG__ 17
#define __LFRACT_EPSILON__ 0x1P-31LR
#define __STDC_IEC_559_COMPLEX__ 1
#define __FLT64_EPSILON__ 2.2204460492503131e-16F64
#define __gnu_linux__ 1
#define __INT16_MAX__ 0x7fff
#define __ARM_PCS_VFP 1
#define __LDBL_HAS_QUIET_NAN__ 1
#define __ULACCUM_IBIT__ 32
#define __FLT64_MANT_DIG__ 53
#define __UACCUM_EPSILON__ 0x1P-16UK
#define __GNUC__ 10
#define __ULLACCUM_MAX__ 0XFFFFFFFFFFFFFFFFP-32ULLK
#define __pie__ 2
#define __HQ_IBIT__ 0
#define __FLT_HAS_DENORM__ 1
#define __SIZEOF_LONG_DOUBLE__ 8
#define __SA_IBIT__ 16
#define __BIGGEST_ALIGNMENT__ 8
#define __INTPTR_TYPE__ int
#define __FLT64_MAX_10_EXP__ 308
#define __DBL_DIG__ 15
#define __ULLACCUM_FBIT__ 32
#define __GNUC_STDC_INLINE__ 1
#define __DQ_IBIT__ 0
#define __DBL_MAX__ ((double)1.7976931348623157e+308L)
#define __ULFRACT_IBIT__ 0
#define __INT_FAST32_MAX__ 0x7fffffff
#define __DBL_HAS_INFINITY__ 1
#define __HAVE_SPECULATION_SAFE_VALUE 1
#define __ACCUM_IBIT__ 16
#define __THUMB_INTERWORK__ 1
#define __UINT_LEAST32_MAX__ 0xffffffffU
#define __LACCUM_MAX__ 0X7FFFFFFFFFFFFFFFP-31LK
#define __FLT32X_HAS_DENORM__ 1
#define __INT_FAST16_TYPE__ int
#define __LDBL_HAS_DENORM__ 1
#define __ARM_FEATURE_LDREX 15
#define __FLT32_DECIMAL_DIG__ 9
#define __INT_LEAST32_MAX__ 0x7fffffff
#define __ACCUM_MAX__ 0X7FFFFFFFP-15K
#define __DBL_MAX_EXP__ 1024
#define __USACCUM_EPSILON__ 0x1P-8UHK
#define __WCHAR_WIDTH__ 32
#define __FLT32_MAX__ 3.4028234663852886e+38F32
#define __SFRACT_MAX__ 0X7FP-7HR
#define __FRACT_IBIT__ 0
#define __PTRDIFF_MAX__ 0x7fffffff
#define __UACCUM_MIN__ 0.0UK
#define __UACCUM_IBIT__ 16
#define __FLT32_HAS_QUIET_NAN__ 1
#define __LONG_LONG_MAX__ 0x7fffffffffffffffLL
#define __ULACCUM_MAX__ 0XFFFFFFFFFFFFFFFFP-32ULK
#define __SIZEOF_WINT_T__ 4
#define __ARM_FEATURE_UNALIGNED 1
#define __LONG_LONG_WIDTH__ 64
#define __FLT32_MAX_EXP__ 128
#define __ULLACCUM_MIN__ 0.0ULLK
#define __GXX_ABI_VERSION 1014
#define __UTA_FBIT__ 64
#define __PIE__ 2
#define __UFRACT_IBIT__ 0
#define __USQ_FBIT__ 32
#define __ARM_FEATURE_QBIT 1
#define __INT_FAST64_TYPE__ long long int
#define __FLT64_DENORM_MIN__ 4.9406564584124654e-324F64
#define __DBL_MIN__ ((double)2.2250738585072014e-308L)
#define __SIZEOF_POINTER__ 4
#define __INT16_TYPE__ short int
#define __DBL_HAS_QUIET_NAN__ 1
#define __FLT32X_EPSILON__ 2.2204460492503131e-16F32x
#define __FLT64_MIN_EXP__ (-1021)
#define __LACCUM_MIN__ (-0X1P31LK-0X1P31LK)
#define __FRACT_FBIT__ 15
#define __FLT64_MIN_10_EXP__ (-307)
#define __ULLFRACT_EPSILON__ 0x1P-64ULLR
#define __REGISTER_PREFIX__ 
#define __UINT16_MAX__ 0xffff
#define __DBL_HAS_DENORM__ 1
#define __ACCUM_MIN__ (-0X1P15K-0X1P15K)
#define __SQ_IBIT__ 0
#define __UINT8_TYPE__ unsigned char
#define __UHA_FBIT__ 8
#define __NO_INLINE__ 1
#define __SFRACT_MIN__ (-0.5HR-0.5HR)
#define __UTQ_FBIT__ 128
#define __DEC_EVAL_METHOD__ 2
#define __FLT_MANT_DIG__ 24
#define __LDBL_DECIMAL_DIG__ 17
#define __VERSION__ "10.2.1 20210110"
#define __UINT64_C(c) c ## ULL
#define __FRACT_EPSILON__ 0x1P-15R
#define __ULACCUM_MIN__ 0.0ULK
#define _STDC_PREDEF_H 1
#define __UDA_FBIT__ 32
#define __GCC_ATOMIC_INT_LOCK_FREE 2
#define __FLT_MIN_EXP__ (-125)
#define __FLOAT_WORD_ORDER__ __ORDER_LITTLE_ENDIAN__
#define __USFRACT_MIN__ 0.0UHR
#define __FLT32_MANT_DIG__ 24
#define __ULLFRACT_FBIT__ 64
#define __UQQ_IBIT__ 0
#define __SCHAR_WIDTH__ 8
#define __INT32_C(c) c
#define __ORDER_PDP_ENDIAN__ 3412
#define __UHQ_FBIT__ 16
#define __LLACCUM_FBIT__ 31
#define __INT_FAST32_TYPE__ int
#define __UINT_LEAST16_TYPE__ short unsigned int
#define unix 1
#define __SIZE_TYPE__ unsigned int
#define __UINT64_MAX__ 0xffffffffffffffffULL
#define __UDQ_FBIT__ 64
#define __INT8_TYPE__ signed char
#define __thumb__ 1
#define __ELF__ 1
#define __SACCUM_EPSILON__ 0x1P-7HK
#define __ULFRACT_EPSILON__ 0x1P-32ULR
#define __LLFRACT_FBIT__ 63
#define __FLT_RADIX__ 2
#define __INT_LEAST16_TYPE__ short int
#define __ARM_ARCH_PROFILE 65
#define __LDBL_EPSILON__ 2.2204460492503131e-16L
#define __UINTMAX_C(c) c ## ULL
#define __SACCUM_MAX__ 0X7FFFP-7HK
#define __FLT32X_MIN__ 2.2250738585072014e-308F32x
#define __SIG_ATOMIC_MAX__ 0x7fffffff
#define __UACCUM_FBIT__ 16
#define __GCC_ATOMIC_WCHAR_T_LOCK_FREE 2
#define __VFP_FP__ 1
#define __SIZEOF_PTRDIFF_T__ 4
#define __ATOMIC_ACQUIRE 2
#define __unix__ 1
#define __INT_WIDTH__ 32
#define __LACCUM_EPSILON__ 0x1P-31LK
#define __LDBL_DIG__ 15
#define __FLT32X_MIN_EXP__ (-1021)
#define __INT_FAST16_MAX__ 0x7fffffff
#define __FLT64_DIG__ 15
#define __UINT_FAST32_MAX__ 0xffffffffU
#define __UINT_LEAST64_TYPE__ long long unsigned int
#define __SFRACT_EPSILON__ 0x1P-7HR
#define __GCC_ASM_FLAG_OUTPUTS__ 1
#define __FLT_HAS_QUIET_NAN__ 1
#define __FLT_MAX_10_EXP__ 38
#define __LONG_MAX__ 0x7fffffffL
#define __SIZEOF_SIZE_T__ 4
#define __FLT_HAS_INFINITY__ 1
#define __unix 1
#define __UINT_FAST16_TYPE__ unsigned int
#define __ARM_32BIT_STATE 1
#define __INT_FAST32_WIDTH__ 32
#define __CHAR16_TYPE__ short unsigned int
#define __PRAGMA_REDEFINE_EXTNAME 1
#define __SIZE_WIDTH__ 32
#define __INT_LEAST16_MAX__ 0x7fff
#define __INT64_MAX__ 0x7fffffffffffffffLL
#define __SACCUM_FBIT__ 7
#define __FLT32_DENORM_MIN__ 1.4012984643248171e-45F32
#define __SIG_ATOMIC_WIDTH__ 32
#define __INT_LEAST64_TYPE__ long long int
#define __ARM_FEATURE_CLZ 1
#define __INT_LEAST8_TYPE__ signed char
#define __STDC_VERSION__ 201710L
#define __SQ_FBIT__ 31
#define __USFRACT_MAX__ 0XFFP-8UHR
#define __ARM_ARCH_ISA_THUMB 2
#define __INT_FAST8_MAX__ 0x7f
#define __ARM_ARCH 7
#define __INTPTR_MAX__ 0x7fffffff
#define __QQ_FBIT__ 7
#define linux 1
#define __UTA_IBIT__ 64
#define __FLT64_HAS_QUIET_NAN__ 1
#define __FLT32X_DIG__ 15
#define __UINT16_C(c) c
#define __PTRDIFF_WIDTH__ 32
#define __LDBL_MANT_DIG__ 53
#define __SFRACT_FBIT__ 7
#define __SACCUM_MIN__ (-0X1P7HK-0X1P7HK)
#define __FLT64_HAS_INFINITY__ 1
#define __SIG_ATOMIC_MIN__ (-__SIG_ATOMIC_MAX__ - 1)
#define __GCC_ATOMIC_LONG_LOCK_FREE 2
#define __UINT16_TYPE__ short unsigned int
#define __WCHAR_TYPE__ unsigned int
#define __SIZEOF_FLOAT__ 4
#define __THUMBEL__ 1
#define __TQ_FBIT__ 127
#define __pic__ 2
#define __UINTPTR_MAX__ 0xffffffffU
#define __INT_FAST64_WIDTH__ 64
#define __ULLACCUM_IBIT__ 32
#define __FLT32_MAX_10_EXP__ 38
#define __INT_FAST64_MAX__ 0x7fffffffffffffffLL
#define __GCC_ATOMIC_TEST_AND_SET_TRUEVAL 1
#define __FLT_NORM_MAX__ 3.4028234663852886e+38F
#define __UINT_FAST64_TYPE__ long long unsigned int
#define __LACCUM_FBIT__ 31
#define __HA_FBIT__ 7
#define __UHA_IBIT__ 8
#define __INT64_TYPE__ long long int
#define __UTQ_IBIT__ 0
#define __DBL_MANT_DIG__ 53
#define __INT_LEAST64_MAX__ 0x7fffffffffffffffLL
#define __GCC_ATOMIC_CHAR16_T_LOCK_FREE 2
#define __WINT_TYPE__ unsigned int
#define __UINT_LEAST32_TYPE__ unsigned int
#define __SIZEOF_SHORT__ 2
#define __ULLFRACT_IBIT__ 0
#define __FLT32_NORM_MAX__ 3.4028234663852886e+38F32
#define __LDBL_MIN_EXP__ (-1021)
#define __GXX_TYPEINFO_EQUALITY_INLINE 0
#define __INTMAX_MAX__ 0x7fffffffffffffffLL
#define __arm__ 1
#define __FLT64_MAX__ 1.7976931348623157e+308F64
#define __UDA_IBIT__ 32
#define __INT_MAX__ 0x7fffffff
#define __WINT_WIDTH__ 32
#define __INT_LEAST8_MAX__ 0x7f
#define __INT_LEAST64_WIDTH__ 64
#define __FLT32X_MAX_10_EXP__ 308
#define __LLACCUM_EPSILON__ 0x1P-31LLK
#define __LFRACT_FBIT__ 31
#define __ARM_ARCH_7A__ 1
#define __LDBL_MAX_10_EXP__ 308
#define __ATOMIC_RELAXED 0
#define __DBL_EPSILON__ ((double)2.2204460492503131e-16L)
#define __ARM_FEATURE_SIMD32 1
#define __UINT8_C(c) c
#define __FLT64_MAX_EXP__ 1024
#define __INT_LEAST32_TYPE__ int
#define __SIZEOF_WCHAR_T__ 4
#define __UINT64_TYPE__ long long unsigned int
#define __LLFRACT_MAX__ 0X7FFFFFFFFFFFFFFFP-63LLR
#define __FLT64_NORM_MAX__ 1.7976931348623157e+308F64
#define __INT_FAST8_TYPE__ signed char
#define __ULLACCUM_EPSILON__ 0x1P-32ULLK
#define __USACCUM_MAX__ 0XFFFFP-8UHK
#define __LDBL_HAS_INFINITY__ 1
#define __UHQ_IBIT__ 0
#define __ARM_FEATURE_COPROC 15
#define __LLACCUM_IBIT__ 32
#define __ULFRACT_MIN__ 0.0ULR
#define __FLT64_HAS_DENORM__ 1
#define __FLT32_EPSILON__ 1.1920928955078125e-7F32
#define __DBL_DECIMAL_DIG__ 17
#define __STDC_UTF_32__ 1
#define __INT_FAST8_WIDTH__ 8
#define __BYTE_ORDER__ __ORDER_LITTLE_ENDIAN__
#define __FLT32X_MAX__ 1.7976931348623157e+308F32x
#define __TA_FBIT__ 63
#define __DBL_NORM_MAX__ ((double)1.7976931348623157e+308L)
#define __UDQ_IBIT__ 0
#define __INTMAX_WIDTH__ 64
#define __ORDER_BIG_ENDIAN__ 4321
#define __LFRACT_MAX__ 0X7FFFFFFFP-31LR
#define __ARM_FEATURE_DSP 1
#define __ACCUM_EPSILON__ 0x1P-15K
#define __UINT32_C(c) c ## U
#define __QQ_IBIT__ 0
#define __FLT_DENORM_MIN__ 1.4012984643248171e-45F
#define __LLFRACT_IBIT__ 0
#define __INT8_MAX__ 0x7f
#define __LONG_WIDTH__ 32
#define __PIC__ 2
#define __INT32_MAX__ 0x7fffffff
#define __UINT_FAST32_TYPE__ unsigned int
#define __FLT32X_NORM_MAX__ 1.7976931348623157e+308F32x
#define __CHAR32_TYPE__ unsigned int
#define __FLT32_MIN_10_EXP__ (-37)
#define __FLT_MAX__ 3.4028234663852886e+38F
#define __USACCUM_FBIT__ 8
#define __INT32_TYPE__ int
#define __SIZEOF_DOUBLE__ 8
#define __FLT_MIN_10_EXP__ (-37)
#define __UFRACT_EPSILON__ 0x1P-16UR
#define __FLT64_MIN__ 2.2250738585072014e-308F64
#define __INT_LEAST32_WIDTH__ 32
#define __INTMAX_TYPE__ long long int
#define __FLT32X_HAS_QUIET_NAN__ 1
#define __ATOMIC_CONSUME 1
#define __GNUC_MINOR__ 2
#define __INT_FAST16_WIDTH__ 32
#define __UINTMAX_MAX__ 0xffffffffffffffffULL
#define __FLT32X_DENORM_MIN__ 4.9406564584124654e-324F32x
#define __ATOMIC_ACQ_REL 4
#define __DBL_MAX_10_EXP__ 308
#define __LDBL_DENORM_MIN__ 4.9406564584124654e-324L
#define __INT16_C(c) c
#define __STDC__ 1
#define __PTRDIFF_TYPE__ int
#define __LLFRACT_MIN__ (-0.5LLR-0.5LLR)
#define __USACCUM_MIN__ 0.0UHK
#define __FLT32_MIN__ 1.1754943508222875e-38F32
#define __ATOMIC_SEQ_CST 5
#define __DA_FBIT__ 31
#define __UINT32_TYPE__ unsigned int
#define __FLT32X_MIN_10_EXP__ (-307)
#define __UINTPTR_TYPE__ unsigned int
#define __USA_IBIT__ 16
#define __ARM_EABI__ 1
#define __linux__ 1
#define __LDBL_MIN_10_EXP__ (-307)
#define __SIZEOF_LONG_LONG__ 8
#define __ULACCUM_EPSILON__ 0x1P-32ULK
#define __SACCUM_IBIT__ 8
#define __GCC_ATOMIC_LLONG_LOCK_FREE 2
#define __FLT_DECIMAL_DIG__ 9
#define __UINT_FAST16_MAX__ 0xffffffffU
#define __LDBL_NORM_MAX__ 1.7976931348623157e+308L
#define __GCC_ATOMIC_SHORT_LOCK_FREE 2
#define __ULLFRACT_MAX__ 0XFFFFFFFFFFFFFFFFP-64ULLR
#define __UINT_FAST8_TYPE__ unsigned char
#define __USFRACT_EPSILON__ 0x1P-8UHR
#define __ULACCUM_FBIT__ 32
#define __ATOMIC_RELEASE 3

find program=['ar'] paths=['/home/phlastch/ardupilot/Tools/scripts/ardupilot/Tools/autotest', '/opt//bin', '/usr/lib/ccache', '/home/phlastch/ardupilot/Tools/autotest', '/home/phlastch/.local/bin', '/usr/local/sbin', '/usr/local/bin', '/usr/sbin', '/usr/bin', '/sbin', '/bin', '/usr/games', '/usr/local/games', '/usr/lib/wsl/lib', '/mnt/c/WINDOWS/system32', '/mnt/c/WINDOWS', '/mnt/c/WINDOWS/System32/Wbem', '/mnt/c/WINDOWS/System32/WindowsPowerShell/v1.0/', '/mnt/c/WINDOWS/System32/OpenSSH/', '/mnt/c/Program Files/Intel/WiFi/bin/', '/mnt/c/Program Files/Common Files/Intel/WirelessCommon/', '/mnt/c/Program Files/PuTTY/', '/mnt/c/Program Files/usbipd-win/', '/mnt/c/Users/silve/AppData/Local/Microsoft/WindowsApps'] var='AR' -> ['/usr/bin/arm-linux-gnueabihf-ar']
/usr/lib/ccache/arm-linux-gnueabihf-g++
----------------------------------------
Checking for 'gcc' (C compiler)
find program=['arm-linux-gnueabihf-gcc', 'arm-linux-gnueabihf-cc'] paths=['/home/phlastch/ardupilot/Tools/scripts/ardupilot/Tools/autotest', '/opt//bin', '/usr/lib/ccache', '/home/phlastch/ardupilot/Tools/autotest', '/home/phlastch/.local/bin', '/usr/local/sbin', '/usr/local/bin', '/usr/sbin', '/usr/bin', '/sbin', '/bin', '/usr/games', '/usr/local/games', '/usr/lib/wsl/lib', '/mnt/c/WINDOWS/system32', '/mnt/c/WINDOWS', '/mnt/c/WINDOWS/System32/Wbem', '/mnt/c/WINDOWS/System32/WindowsPowerShell/v1.0/', '/mnt/c/WINDOWS/System32/OpenSSH/', '/mnt/c/Program Files/Intel/WiFi/bin/', '/mnt/c/Program Files/Common Files/Intel/WirelessCommon/', '/mnt/c/Program Files/PuTTY/', '/mnt/c/Program Files/usbipd-win/', '/mnt/c/Users/silve/AppData/Local/Microsoft/WindowsApps'] var='CC' -> ['/usr/lib/ccache/arm-linux-gnueabihf-gcc']
['/usr/lib/ccache/arm-linux-gnueabihf-gcc', '-dM', '-E', '-']
out: #define __DBL_MIN_EXP__ (-1021)
#define __HQ_FBIT__ 15
#define __UINT_LEAST16_MAX__ 0xffff
#define __ARM_SIZEOF_WCHAR_T 4
#define __SFRACT_IBIT__ 0
#define __FLT_MIN__ 1.1754943508222875e-38F
#define __GCC_IEC_559_COMPLEX 2
#define __UFRACT_MAX__ 0XFFFFP-16UR
#define __UINT_LEAST8_TYPE__ unsigned char
#define __FLT_MAX_EXP__ 128
#define __DQ_FBIT__ 63
#define __INTMAX_C(c) c ## LL
#define __ARM_FEATURE_SAT 1
#define __ULFRACT_FBIT__ 32
#define __CHAR_BIT__ 8
#define __USQ_IBIT__ 0
#define __UINT8_MAX__ 0xff
#define __ACCUM_FBIT__ 15
#define __WINT_MAX__ 0xffffffffU
#define __FLT32_MIN_EXP__ (-125)
#define __USFRACT_FBIT__ 8
#define __ORDER_LITTLE_ENDIAN__ 1234
#define __SIZE_MAX__ 0xffffffffU
#define __ARM_ARCH_ISA_ARM 1
#define __WCHAR_MAX__ 0xffffffffU
#define __LACCUM_IBIT__ 32
#define __GCC_HAVE_SYNC_COMPARE_AND_SWAP_1 1
#define __GCC_HAVE_SYNC_COMPARE_AND_SWAP_2 1
#define __GCC_HAVE_SYNC_COMPARE_AND_SWAP_4 1
#define __DBL_DENORM_MIN__ ((double)4.9406564584124654e-324L)
#define __GCC_HAVE_SYNC_COMPARE_AND_SWAP_8 1
#define __GCC_ATOMIC_CHAR_LOCK_FREE 2
#define __GCC_IEC_559 2
#define __FLT32X_DECIMAL_DIG__ 17
#define __FLT_EVAL_METHOD__ 0
#define __TQ_IBIT__ 0
#define __LLACCUM_MAX__ 0X7FFFFFFFFFFFFFFFP-31LLK
#define __FLT32_HAS_INFINITY__ 1
#define __FLT64_DECIMAL_DIG__ 17
#define __GCC_ATOMIC_CHAR32_T_LOCK_FREE 2
#define __INTPTR_WIDTH__ 32
#define __UINT_FAST64_MAX__ 0xffffffffffffffffULL
#define __SIG_ATOMIC_TYPE__ int
#define __DBL_MIN_10_EXP__ (-307)
#define __FINITE_MATH_ONLY__ 0
#define __ARMEL__ 1
#define __FLT32X_MAX_EXP__ 1024
#define __LFRACT_IBIT__ 0
#define __GNUC_PATCHLEVEL__ 1
#define __FLT32_HAS_DENORM__ 1
#define __USA_FBIT__ 16
#define __UINT_FAST8_MAX__ 0xff
#define __INT8_C(c) c
#define __INT_LEAST8_WIDTH__ 8
#define __UINT_LEAST64_MAX__ 0xffffffffffffffffULL
#define __SA_FBIT__ 15
#define __APCS_32__ 1
#define __SHRT_MAX__ 0x7fff
#define __LDBL_MAX__ 1.7976931348623157e+308L
#define __FRACT_MAX__ 0X7FFFP-15R
#define __thumb2__ 1
#define __UFRACT_FBIT__ 16
#define __ARM_FP 12
#define __UFRACT_MIN__ 0.0UR
#define __UINT_LEAST8_MAX__ 0xff
#define __GCC_ATOMIC_BOOL_LOCK_FREE 2
#define __UINTMAX_TYPE__ long long unsigned int
#define __LLFRACT_EPSILON__ 0x1P-63LLR
#define __linux 1
#define __FLT_EVAL_METHOD_TS_18661_3__ 0
#define __CHAR_UNSIGNED__ 1
#define __UINT32_MAX__ 0xffffffffU
#define __ULFRACT_MAX__ 0XFFFFFFFFP-32ULR
#define __TA_IBIT__ 64
#define __LDBL_MAX_EXP__ 1024
#define __WINT_MIN__ 0U
#define __ARM_ASM_SYNTAX_UNIFIED__ 1
#define __INT_LEAST16_WIDTH__ 16
#define __ULLFRACT_MIN__ 0.0ULLR
#define __SCHAR_MAX__ 0x7f
#define __WCHAR_MIN__ 0U
#define __INT64_C(c) c ## LL
#define __GCC_ATOMIC_POINTER_LOCK_FREE 2
#define __LLACCUM_MIN__ (-0X1P31LLK-0X1P31LLK)
#define __SIZEOF_INT__ 4
#define __FLT32X_MANT_DIG__ 53
#define __USACCUM_IBIT__ 8
#define __USER_LABEL_PREFIX__ 
#define __STDC_HOSTED__ 1
#define __FLT_DIG__ 6
#define __LFRACT_MIN__ (-0.5LR-0.5LR)
#define __HA_IBIT__ 8
#define __FLT32_DIG__ 6
#define __FLT_EPSILON__ 1.1920928955078125e-7F
#define __SHRT_WIDTH__ 16
#define __USFRACT_IBIT__ 0
#define __LDBL_MIN__ 2.2250738585072014e-308L
#define __STDC_UTF_16__ 1
#define __FRACT_MIN__ (-0.5R-0.5R)
#define __DA_IBIT__ 32
#define __ARM_SIZEOF_MINIMAL_ENUM 4
#define __FLT32X_HAS_INFINITY__ 1
#define __UQQ_FBIT__ 8
#define __SIZEOF_LONG__ 4
#define __UACCUM_MAX__ 0XFFFFFFFFP-16UK
#define __STDC_IEC_559__ 1
#define __STDC_ISO_10646__ 201706L
#define __DECIMAL_DIG__ 17
#define __LFRACT_EPSILON__ 0x1P-31LR
#define __STDC_IEC_559_COMPLEX__ 1
#define __FLT64_EPSILON__ 2.2204460492503131e-16F64
#define __gnu_linux__ 1
#define __INT16_MAX__ 0x7fff
#define __ARM_PCS_VFP 1
#define __LDBL_HAS_QUIET_NAN__ 1
#define __ULACCUM_IBIT__ 32
#define __FLT64_MANT_DIG__ 53
#define __UACCUM_EPSILON__ 0x1P-16UK
#define __GNUC__ 10
#define __ULLACCUM_MAX__ 0XFFFFFFFFFFFFFFFFP-32ULLK
#define __pie__ 2
#define __HQ_IBIT__ 0
#define __FLT_HAS_DENORM__ 1
#define __SIZEOF_LONG_DOUBLE__ 8
#define __SA_IBIT__ 16
#define __BIGGEST_ALIGNMENT__ 8
#define __INTPTR_TYPE__ int
#define __FLT64_MAX_10_EXP__ 308
#define __DBL_DIG__ 15
#define __ULLACCUM_FBIT__ 32
#define __GNUC_STDC_INLINE__ 1
#define __DQ_IBIT__ 0
#define __DBL_MAX__ ((double)1.7976931348623157e+308L)
#define __ULFRACT_IBIT__ 0
#define __INT_FAST32_MAX__ 0x7fffffff
#define __DBL_HAS_INFINITY__ 1
#define __HAVE_SPECULATION_SAFE_VALUE 1
#define __ACCUM_IBIT__ 16
#define __THUMB_INTERWORK__ 1
#define __UINT_LEAST32_MAX__ 0xffffffffU
#define __LACCUM_MAX__ 0X7FFFFFFFFFFFFFFFP-31LK
#define __FLT32X_HAS_DENORM__ 1
#define __INT_FAST16_TYPE__ int
#define __LDBL_HAS_DENORM__ 1
#define __ARM_FEATURE_LDREX 15
#define __FLT32_DECIMAL_DIG__ 9
#define __INT_LEAST32_MAX__ 0x7fffffff
#define __ACCUM_MAX__ 0X7FFFFFFFP-15K
#define __DBL_MAX_EXP__ 1024
#define __USACCUM_EPSILON__ 0x1P-8UHK
#define __WCHAR_WIDTH__ 32
#define __FLT32_MAX__ 3.4028234663852886e+38F32
#define __SFRACT_MAX__ 0X7FP-7HR
#define __FRACT_IBIT__ 0
#define __PTRDIFF_MAX__ 0x7fffffff
#define __UACCUM_MIN__ 0.0UK
#define __UACCUM_IBIT__ 16
#define __FLT32_HAS_QUIET_NAN__ 1
#define __LONG_LONG_MAX__ 0x7fffffffffffffffLL
#define __ULACCUM_MAX__ 0XFFFFFFFFFFFFFFFFP-32ULK
#define __SIZEOF_WINT_T__ 4
#define __ARM_FEATURE_UNALIGNED 1
#define __LONG_LONG_WIDTH__ 64
#define __FLT32_MAX_EXP__ 128
#define __ULLACCUM_MIN__ 0.0ULLK
#define __GXX_ABI_VERSION 1014
#define __UTA_FBIT__ 64
#define __PIE__ 2
#define __UFRACT_IBIT__ 0
#define __USQ_FBIT__ 32
#define __ARM_FEATURE_QBIT 1
#define __INT_FAST64_TYPE__ long long int
#define __FLT64_DENORM_MIN__ 4.9406564584124654e-324F64
#define __DBL_MIN__ ((double)2.2250738585072014e-308L)
#define __SIZEOF_POINTER__ 4
#define __INT16_TYPE__ short int
#define __DBL_HAS_QUIET_NAN__ 1
#define __FLT32X_EPSILON__ 2.2204460492503131e-16F32x
#define __FLT64_MIN_EXP__ (-1021)
#define __LACCUM_MIN__ (-0X1P31LK-0X1P31LK)
#define __FRACT_FBIT__ 15
#define __FLT64_MIN_10_EXP__ (-307)
#define __ULLFRACT_EPSILON__ 0x1P-64ULLR
#define __REGISTER_PREFIX__ 
#define __UINT16_MAX__ 0xffff
#define __DBL_HAS_DENORM__ 1
#define __ACCUM_MIN__ (-0X1P15K-0X1P15K)
#define __SQ_IBIT__ 0
#define __UINT8_TYPE__ unsigned char
#define __UHA_FBIT__ 8
#define __NO_INLINE__ 1
#define __SFRACT_MIN__ (-0.5HR-0.5HR)
#define __UTQ_FBIT__ 128
#define __DEC_EVAL_METHOD__ 2
#define __FLT_MANT_DIG__ 24
#define __LDBL_DECIMAL_DIG__ 17
#define __VERSION__ "10.2.1 20210110"
#define __UINT64_C(c) c ## ULL
#define __FRACT_EPSILON__ 0x1P-15R
#define __ULACCUM_MIN__ 0.0ULK
#define _STDC_PREDEF_H 1
#define __UDA_FBIT__ 32
#define __GCC_ATOMIC_INT_LOCK_FREE 2
#define __FLT_MIN_EXP__ (-125)
#define __FLOAT_WORD_ORDER__ __ORDER_LITTLE_ENDIAN__
#define __USFRACT_MIN__ 0.0UHR
#define __FLT32_MANT_DIG__ 24
#define __ULLFRACT_FBIT__ 64
#define __UQQ_IBIT__ 0
#define __SCHAR_WIDTH__ 8
#define __INT32_C(c) c
#define __ORDER_PDP_ENDIAN__ 3412
#define __UHQ_FBIT__ 16
#define __LLACCUM_FBIT__ 31
#define __INT_FAST32_TYPE__ int
#define __UINT_LEAST16_TYPE__ short unsigned int
#define unix 1
#define __SIZE_TYPE__ unsigned int
#define __UINT64_MAX__ 0xffffffffffffffffULL
#define __UDQ_FBIT__ 64
#define __INT8_TYPE__ signed char
#define __thumb__ 1
#define __ELF__ 1
#define __SACCUM_EPSILON__ 0x1P-7HK
#define __ULFRACT_EPSILON__ 0x1P-32ULR
#define __LLFRACT_FBIT__ 63
#define __FLT_RADIX__ 2
#define __INT_LEAST16_TYPE__ short int
#define __ARM_ARCH_PROFILE 65
#define __LDBL_EPSILON__ 2.2204460492503131e-16L
#define __UINTMAX_C(c) c ## ULL
#define __SACCUM_MAX__ 0X7FFFP-7HK
#define __FLT32X_MIN__ 2.2250738585072014e-308F32x
#define __SIG_ATOMIC_MAX__ 0x7fffffff
#define __UACCUM_FBIT__ 16
#define __GCC_ATOMIC_WCHAR_T_LOCK_FREE 2
#define __VFP_FP__ 1
#define __SIZEOF_PTRDIFF_T__ 4
#define __ATOMIC_ACQUIRE 2
#define __unix__ 1
#define __INT_WIDTH__ 32
#define __LACCUM_EPSILON__ 0x1P-31LK
#define __LDBL_DIG__ 15
#define __FLT32X_MIN_EXP__ (-1021)
#define __INT_FAST16_MAX__ 0x7fffffff
#define __FLT64_DIG__ 15
#define __UINT_FAST32_MAX__ 0xffffffffU
#define __UINT_LEAST64_TYPE__ long long unsigned int
#define __SFRACT_EPSILON__ 0x1P-7HR
#define __GCC_ASM_FLAG_OUTPUTS__ 1
#define __FLT_HAS_QUIET_NAN__ 1
#define __FLT_MAX_10_EXP__ 38
#define __LONG_MAX__ 0x7fffffffL
#define __SIZEOF_SIZE_T__ 4
#define __FLT_HAS_INFINITY__ 1
#define __unix 1
#define __UINT_FAST16_TYPE__ unsigned int
#define __ARM_32BIT_STATE 1
#define __INT_FAST32_WIDTH__ 32
#define __CHAR16_TYPE__ short unsigned int
#define __PRAGMA_REDEFINE_EXTNAME 1
#define __SIZE_WIDTH__ 32
#define __INT_LEAST16_MAX__ 0x7fff
#define __INT64_MAX__ 0x7fffffffffffffffLL
#define __SACCUM_FBIT__ 7
#define __FLT32_DENORM_MIN__ 1.4012984643248171e-45F32
#define __SIG_ATOMIC_WIDTH__ 32
#define __INT_LEAST64_TYPE__ long long int
#define __ARM_FEATURE_CLZ 1
#define __INT_LEAST8_TYPE__ signed char
#define __STDC_VERSION__ 201710L
#define __SQ_FBIT__ 31
#define __USFRACT_MAX__ 0XFFP-8UHR
#define __ARM_ARCH_ISA_THUMB 2
#define __INT_FAST8_MAX__ 0x7f
#define __ARM_ARCH 7
#define __INTPTR_MAX__ 0x7fffffff
#define __QQ_FBIT__ 7
#define linux 1
#define __UTA_IBIT__ 64
#define __FLT64_HAS_QUIET_NAN__ 1
#define __FLT32X_DIG__ 15
#define __UINT16_C(c) c
#define __PTRDIFF_WIDTH__ 32
#define __LDBL_MANT_DIG__ 53
#define __SFRACT_FBIT__ 7
#define __SACCUM_MIN__ (-0X1P7HK-0X1P7HK)
#define __FLT64_HAS_INFINITY__ 1
#define __SIG_ATOMIC_MIN__ (-__SIG_ATOMIC_MAX__ - 1)
#define __GCC_ATOMIC_LONG_LOCK_FREE 2
#define __UINT16_TYPE__ short unsigned int
#define __WCHAR_TYPE__ unsigned int
#define __SIZEOF_FLOAT__ 4
#define __THUMBEL__ 1
#define __TQ_FBIT__ 127
#define __pic__ 2
#define __UINTPTR_MAX__ 0xffffffffU
#define __INT_FAST64_WIDTH__ 64
#define __ULLACCUM_IBIT__ 32
#define __FLT32_MAX_10_EXP__ 38
#define __INT_FAST64_MAX__ 0x7fffffffffffffffLL
#define __GCC_ATOMIC_TEST_AND_SET_TRUEVAL 1
#define __FLT_NORM_MAX__ 3.4028234663852886e+38F
#define __UINT_FAST64_TYPE__ long long unsigned int
#define __LACCUM_FBIT__ 31
#define __HA_FBIT__ 7
#define __UHA_IBIT__ 8
#define __INT64_TYPE__ long long int
#define __UTQ_IBIT__ 0
#define __DBL_MANT_DIG__ 53
#define __INT_LEAST64_MAX__ 0x7fffffffffffffffLL
#define __GCC_ATOMIC_CHAR16_T_LOCK_FREE 2
#define __WINT_TYPE__ unsigned int
#define __UINT_LEAST32_TYPE__ unsigned int
#define __SIZEOF_SHORT__ 2
#define __ULLFRACT_IBIT__ 0
#define __FLT32_NORM_MAX__ 3.4028234663852886e+38F32
#define __LDBL_MIN_EXP__ (-1021)
#define __GXX_TYPEINFO_EQUALITY_INLINE 0
#define __INTMAX_MAX__ 0x7fffffffffffffffLL
#define __arm__ 1
#define __FLT64_MAX__ 1.7976931348623157e+308F64
#define __UDA_IBIT__ 32
#define __INT_MAX__ 0x7fffffff
#define __WINT_WIDTH__ 32
#define __INT_LEAST8_MAX__ 0x7f
#define __INT_LEAST64_WIDTH__ 64
#define __FLT32X_MAX_10_EXP__ 308
#define __LLACCUM_EPSILON__ 0x1P-31LLK
#define __LFRACT_FBIT__ 31
#define __ARM_ARCH_7A__ 1
#define __LDBL_MAX_10_EXP__ 308
#define __ATOMIC_RELAXED 0
#define __DBL_EPSILON__ ((double)2.2204460492503131e-16L)
#define __ARM_FEATURE_SIMD32 1
#define __UINT8_C(c) c
#define __FLT64_MAX_EXP__ 1024
#define __INT_LEAST32_TYPE__ int
#define __SIZEOF_WCHAR_T__ 4
#define __UINT64_TYPE__ long long unsigned int
#define __LLFRACT_MAX__ 0X7FFFFFFFFFFFFFFFP-63LLR
#define __FLT64_NORM_MAX__ 1.7976931348623157e+308F64
#define __INT_FAST8_TYPE__ signed char
#define __ULLACCUM_EPSILON__ 0x1P-32ULLK
#define __USACCUM_MAX__ 0XFFFFP-8UHK
#define __LDBL_HAS_INFINITY__ 1
#define __UHQ_IBIT__ 0
#define __ARM_FEATURE_COPROC 15
#define __LLACCUM_IBIT__ 32
#define __ULFRACT_MIN__ 0.0ULR
#define __FLT64_HAS_DENORM__ 1
#define __FLT32_EPSILON__ 1.1920928955078125e-7F32
#define __DBL_DECIMAL_DIG__ 17
#define __STDC_UTF_32__ 1
#define __INT_FAST8_WIDTH__ 8
#define __BYTE_ORDER__ __ORDER_LITTLE_ENDIAN__
#define __FLT32X_MAX__ 1.7976931348623157e+308F32x
#define __TA_FBIT__ 63
#define __DBL_NORM_MAX__ ((double)1.7976931348623157e+308L)
#define __UDQ_IBIT__ 0
#define __INTMAX_WIDTH__ 64
#define __ORDER_BIG_ENDIAN__ 4321
#define __LFRACT_MAX__ 0X7FFFFFFFP-31LR
#define __ARM_FEATURE_DSP 1
#define __ACCUM_EPSILON__ 0x1P-15K
#define __UINT32_C(c) c ## U
#define __QQ_IBIT__ 0
#define __FLT_DENORM_MIN__ 1.4012984643248171e-45F
#define __LLFRACT_IBIT__ 0
#define __INT8_MAX__ 0x7f
#define __LONG_WIDTH__ 32
#define __PIC__ 2
#define __INT32_MAX__ 0x7fffffff
#define __UINT_FAST32_TYPE__ unsigned int
#define __FLT32X_NORM_MAX__ 1.7976931348623157e+308F32x
#define __CHAR32_TYPE__ unsigned int
#define __FLT32_MIN_10_EXP__ (-37)
#define __FLT_MAX__ 3.4028234663852886e+38F
#define __USACCUM_FBIT__ 8
#define __INT32_TYPE__ int
#define __SIZEOF_DOUBLE__ 8
#define __FLT_MIN_10_EXP__ (-37)
#define __UFRACT_EPSILON__ 0x1P-16UR
#define __FLT64_MIN__ 2.2250738585072014e-308F64
#define __INT_LEAST32_WIDTH__ 32
#define __INTMAX_TYPE__ long long int
#define __FLT32X_HAS_QUIET_NAN__ 1
#define __ATOMIC_CONSUME 1
#define __GNUC_MINOR__ 2
#define __INT_FAST16_WIDTH__ 32
#define __UINTMAX_MAX__ 0xffffffffffffffffULL
#define __FLT32X_DENORM_MIN__ 4.9406564584124654e-324F32x
#define __ATOMIC_ACQ_REL 4
#define __DBL_MAX_10_EXP__ 308
#define __LDBL_DENORM_MIN__ 4.9406564584124654e-324L
#define __INT16_C(c) c
#define __STDC__ 1
#define __PTRDIFF_TYPE__ int
#define __LLFRACT_MIN__ (-0.5LLR-0.5LLR)
#define __USACCUM_MIN__ 0.0UHK
#define __FLT32_MIN__ 1.1754943508222875e-38F32
#define __ATOMIC_SEQ_CST 5
#define __DA_FBIT__ 31
#define __UINT32_TYPE__ unsigned int
#define __FLT32X_MIN_10_EXP__ (-307)
#define __UINTPTR_TYPE__ unsigned int
#define __USA_IBIT__ 16
#define __ARM_EABI__ 1
#define __linux__ 1
#define __LDBL_MIN_10_EXP__ (-307)
#define __SIZEOF_LONG_LONG__ 8
#define __ULACCUM_EPSILON__ 0x1P-32ULK
#define __SACCUM_IBIT__ 8
#define __GCC_ATOMIC_LLONG_LOCK_FREE 2
#define __FLT_DECIMAL_DIG__ 9
#define __UINT_FAST16_MAX__ 0xffffffffU
#define __LDBL_NORM_MAX__ 1.7976931348623157e+308L
#define __GCC_ATOMIC_SHORT_LOCK_FREE 2
#define __ULLFRACT_MAX__ 0XFFFFFFFFFFFFFFFFP-64ULLR
#define __UINT_FAST8_TYPE__ unsigned char
#define __USFRACT_EPSILON__ 0x1P-8UHR
#define __ULACCUM_FBIT__ 32
#define __ATOMIC_RELEASE 3

find program=['ar'] paths=['/home/phlastch/ardupilot/Tools/scripts/ardupilot/Tools/autotest', '/opt//bin', '/usr/lib/ccache', '/home/phlastch/ardupilot/Tools/autotest', '/home/phlastch/.local/bin', '/usr/local/sbin', '/usr/local/bin', '/usr/sbin', '/usr/bin', '/sbin', '/bin', '/usr/games', '/usr/local/games', '/usr/lib/wsl/lib', '/mnt/c/WINDOWS/system32', '/mnt/c/WINDOWS', '/mnt/c/WINDOWS/System32/Wbem', '/mnt/c/WINDOWS/System32/WindowsPowerShell/v1.0/', '/mnt/c/WINDOWS/System32/OpenSSH/', '/mnt/c/Program Files/Intel/WiFi/bin/', '/mnt/c/Program Files/Common Files/Intel/WirelessCommon/', '/mnt/c/Program Files/PuTTY/', '/mnt/c/Program Files/usbipd-win/', '/mnt/c/Users/silve/AppData/Local/Microsoft/WindowsApps'] var='AR' -> ['/usr/bin/arm-linux-gnueabihf-ar']
/usr/lib/ccache/arm-linux-gnueabihf-gcc
----------------------------------------
Checking for c flags '-MMD'
==>
int main() { return 0; }
<==
[1/1] Compiling [32mbuild/.conf_check_b54f3ff7463abe813f8725768ed589e4/test.c[0m

['/usr/lib/ccache/arm-linux-gnueabihf-gcc', '-MMD', '-DWAF_BUILD=1', '../../test.c', '-c', '-otest.c.1.o']
yes
----------------------------------------
Checking for cxx flags '-MMD'
==>
int main() { return 0; }
<==
[1/1] Compiling [32mbuild/.conf_check_fbc672497beacbf9d701b4e19902b82e/test.cpp[0m

['/usr/lib/ccache/arm-linux-gnueabihf-g++', '-MMD', '-DWAF_BUILD=1', '../../test.cpp', '-c', '-otest.cpp.1.o']
yes
----------------------------------------
CXX Compiler
g++ 10.2.1
----------------------------------------
Checking for need to link with librt
==>

        #include <time.h>

        int main() {
            clock_gettime(CLOCK_REALTIME, NULL);
        }
<==
[1/2] Compiling [32mbuild/.conf_check_6ea06d7cfeeaf36385a7b16190e51096/test.cpp[0m

['/usr/lib/ccache/arm-linux-gnueabihf-g++', '-MMD', '-DWAF_BUILD=1', '-D__STDC_FORMAT_MACROS=1', '../../test.cpp', '-c', '-otest.cpp.1.o']
[2/2] Linking [33mbuild/.conf_check_6ea06d7cfeeaf36385a7b16190e51096/testbuild/blue/testprog[0m

['/usr/lib/ccache/arm-linux-gnueabihf-g++', 'test.cpp.1.o', '-otestprog', '-Wl,-Bstatic', '-Wl,-Bdynamic']
not necessary
----------------------------------------
Checking for 'lttng-ust':
disabled
----------------------------------------
Checking for library dl
==>

int main(int argc, char **argv) {
	(void)argc; (void)argv;
	return 0;
}

<==
[1/2] Compiling [32mbuild/.conf_check_87ec15ae87214bc129ea6f273e5dba8a/test.cpp[0m

['/usr/lib/ccache/arm-linux-gnueabihf-g++', '-MMD', '-DWAF_BUILD=1', '-D__STDC_FORMAT_MACROS=1', '../../test.cpp', '-c', '-otest.cpp.1.o']
[2/2] Linking [33mbuild/.conf_check_87ec15ae87214bc129ea6f273e5dba8a/testbuild/blue/testprog[0m

['/usr/lib/ccache/arm-linux-gnueabihf-g++', 'test.cpp.1.o', '-otestprog', '-Wl,-Bstatic', '-Wl,-Bdynamic', '-ldl']
yes
-----------------------------------------------------
Checking for program 'arm-linux-gnueabihf-pkg-config'
/usr/bin/arm-linux-gnueabihf-pkg-config
find program=['arm-linux-gnueabihf-pkg-config'] paths=['/home/phlastch/ardupilot/Tools/scripts/ardupilot/Tools/autotest', '/opt//bin', '/usr/lib/ccache', '/home/phlastch/ardupilot/Tools/autotest', '/home/phlastch/.local/bin', '/usr/local/sbin', '/usr/local/bin', '/usr/sbin', '/usr/bin', '/sbin', '/bin', '/usr/games', '/usr/local/games', '/usr/lib/wsl/lib', '/mnt/c/WINDOWS/system32', '/mnt/c/WINDOWS', '/mnt/c/WINDOWS/System32/Wbem', '/mnt/c/WINDOWS/System32/WindowsPowerShell/v1.0/', '/mnt/c/WINDOWS/System32/OpenSSH/', '/mnt/c/Program Files/Intel/WiFi/bin/', '/mnt/c/Program Files/Common Files/Intel/WirelessCommon/', '/mnt/c/Program Files/PuTTY/', '/mnt/c/Program Files/usbipd-win/', '/mnt/c/Users/silve/AppData/Local/Microsoft/WindowsApps'] var='PKGCONFIG' -> ['/usr/bin/arm-linux-gnueabihf-pkg-config']
-----------------------------------------------------
Checking for 'libiio'
['/usr/bin/arm-linux-gnueabihf-pkg-config', '--libs', '--cflags', 'libiio']
err: Package libiio was not found in the pkg-config search path.
Perhaps you should add the directory containing `libiio.pc'
to the PKG_CONFIG_PATH environment variable
No package 'libiio' found

not found
from /home/phlastch/ARDU/ardupilot: The configuration failed
-----------------------------------------------------
Checking for HAVE_CMATH_ISFINITE
==>

        #include <cmath>

        int main() {
          return std::isfinite(1.0f);
        }
<==
[1/2] Compiling [32mbuild/.conf_check_b8703b02667331e5a145ea6484d53c42/test.cpp[0m

['/usr/lib/ccache/arm-linux-gnueabihf-g++', '-Werror=implicit-fallthrough', '-std=gnu++11', '-fdata-sections', '-ffunction-sections', '-fno-exceptions', '-fsigned-char', '-Wall', '-Wextra', '-Wpointer-arith', '-Wno-unused-parameter', '-Wno-missing-field-initializers', '-Wno-reorder', '-Wno-redundant-decls', '-Wno-unknown-pragmas', '-Wno-expansion-to-defined', '-Werror=cast-align', '-Werror=attributes', '-Werror=format-security', '-Werror=format-extra-args', '-Werror=enum-compare', '-Werror=format', '-Werror=array-bounds', '-Werror=uninitialized', '-Werror=init-self', '-Werror=narrowing', '-Werror=return-type', '-Werror=switch', '-Werror=sign-compare', '-Werror=type-limits', '-Werror=undef', '-Werror=unused-result', '-Werror=shadow', '-Werror=unused-value', '-Werror=unused-variable', '-Werror=delete-non-virtual-dtor', '-Wfatal-errors', '-Wno-trigraphs', '-Werror=parentheses', '-DARDUPILOT_BUILD', '-Wuninitialized', '-Warray-bounds', '-Wno-format-contains-nul', '-Werror=unused-but-set-variable', '-Werror=suggest-override', '-Werror=implicit-fallthrough', '-Werror=maybe-uninitialized', '-Werror=duplicated-cond', '-Werror=sizeof-pointer-div', '-O3', '-MMD', '-I../../../../modules/uavcan/libuavcan/include', '-DAP_SCRIPTING_CHECKS=1', '-DAP_SCRIPTING_ENABLED=1', '-DAP_SIM_ENABLED=0', '-DCONFIG_HAL_BOARD=HAL_BOARD_LINUX', '-DCONFIG_HAL_BOARD_SUBTYPE=HAL_BOARD_SUBTYPE_LINUX_BLUE', '-DENABLE_HEAP=1', '-DENABLE_ONVIF=0', '-DLUA_32BITS=1', '-DUAVCAN_CPP_VERSION=UAVCAN_CPP03', '-DUAVCAN_NO_ASSERTIONS=1', '-DUAVCAN_NULLPTR=nullptr', '-DWAF_BUILD=1', '-D__STDC_FORMAT_MACROS=1', '-DHAVE_LIBDL=1', '-DUAVCAN_EXCEPTIONS=0', '../../test.cpp', '-c', '-otest.cpp.1.o']
[2/2] Linking [33mbuild/.conf_check_b8703b02667331e5a145ea6484d53c42/testbuild/blue/testprog[0m

['/usr/lib/ccache/arm-linux-gnueabihf-g++', '-fno-exceptions', '-Wl,--gc-sections', '-pthread', 'test.cpp.1.o', '-otestprog', '-Wl,-Bstatic', '-Wl,-Bdynamic', '-lm', '-ldl']
yes
-----------------------------------------------------
Checking for HAVE_CMATH_ISINF
==>

        #include <cmath>

        int main() {
          return std::isinf(1.0f);
        }
<==
[1/2] Compiling [32mbuild/.conf_check_d22cbd027c6354b46d92e51951d4f36a/test.cpp[0m

['/usr/lib/ccache/arm-linux-gnueabihf-g++', '-Werror=implicit-fallthrough', '-std=gnu++11', '-fdata-sections', '-ffunction-sections', '-fno-exceptions', '-fsigned-char', '-Wall', '-Wextra', '-Wpointer-arith', '-Wno-unused-parameter', '-Wno-missing-field-initializers', '-Wno-reorder', '-Wno-redundant-decls', '-Wno-unknown-pragmas', '-Wno-expansion-to-defined', '-Werror=cast-align', '-Werror=attributes', '-Werror=format-security', '-Werror=format-extra-args', '-Werror=enum-compare', '-Werror=format', '-Werror=array-bounds', '-Werror=uninitialized', '-Werror=init-self', '-Werror=narrowing', '-Werror=return-type', '-Werror=switch', '-Werror=sign-compare', '-Werror=type-limits', '-Werror=undef', '-Werror=unused-result', '-Werror=shadow', '-Werror=unused-value', '-Werror=unused-variable', '-Werror=delete-non-virtual-dtor', '-Wfatal-errors', '-Wno-trigraphs', '-Werror=parentheses', '-DARDUPILOT_BUILD', '-Wuninitialized', '-Warray-bounds', '-Wno-format-contains-nul', '-Werror=unused-but-set-variable', '-Werror=suggest-override', '-Werror=implicit-fallthrough', '-Werror=maybe-uninitialized', '-Werror=duplicated-cond', '-Werror=sizeof-pointer-div', '-O3', '-MMD', '-I../../../../modules/uavcan/libuavcan/include', '-DAP_SCRIPTING_CHECKS=1', '-DAP_SCRIPTING_ENABLED=1', '-DAP_SIM_ENABLED=0', '-DCONFIG_HAL_BOARD=HAL_BOARD_LINUX', '-DCONFIG_HAL_BOARD_SUBTYPE=HAL_BOARD_SUBTYPE_LINUX_BLUE', '-DENABLE_HEAP=1', '-DENABLE_ONVIF=0', '-DLUA_32BITS=1', '-DUAVCAN_CPP_VERSION=UAVCAN_CPP03', '-DUAVCAN_NO_ASSERTIONS=1', '-DUAVCAN_NULLPTR=nullptr', '-DWAF_BUILD=1', '-D__STDC_FORMAT_MACROS=1', '-DHAVE_LIBDL=1', '-DUAVCAN_EXCEPTIONS=0', '-DHAVE_CMATH_ISFINITE=1', '../../test.cpp', '-c', '-otest.cpp.1.o']
[2/2] Linking [33mbuild/.conf_check_d22cbd027c6354b46d92e51951d4f36a/testbuild/blue/testprog[0m

['/usr/lib/ccache/arm-linux-gnueabihf-g++', '-fno-exceptions', '-Wl,--gc-sections', '-pthread', 'test.cpp.1.o', '-otestprog', '-Wl,-Bstatic', '-Wl,-Bdynamic', '-lm', '-ldl']
yes
-----------------------------------------------------
Checking for HAVE_CMATH_ISNAN
==>

        #include <cmath>

        int main() {
          return std::isnan(1.0f);
        }
<==
[1/2] Compiling [32mbuild/.conf_check_f909f794ed8635d83235ed36a83e1625/test.cpp[0m

['/usr/lib/ccache/arm-linux-gnueabihf-g++', '-Werror=implicit-fallthrough', '-std=gnu++11', '-fdata-sections', '-ffunction-sections', '-fno-exceptions', '-fsigned-char', '-Wall', '-Wextra', '-Wpointer-arith', '-Wno-unused-parameter', '-Wno-missing-field-initializers', '-Wno-reorder', '-Wno-redundant-decls', '-Wno-unknown-pragmas', '-Wno-expansion-to-defined', '-Werror=cast-align', '-Werror=attributes', '-Werror=format-security', '-Werror=format-extra-args', '-Werror=enum-compare', '-Werror=format', '-Werror=array-bounds', '-Werror=uninitialized', '-Werror=init-self', '-Werror=narrowing', '-Werror=return-type', '-Werror=switch', '-Werror=sign-compare', '-Werror=type-limits', '-Werror=undef', '-Werror=unused-result', '-Werror=shadow', '-Werror=unused-value', '-Werror=unused-variable', '-Werror=delete-non-virtual-dtor', '-Wfatal-errors', '-Wno-trigraphs', '-Werror=parentheses', '-DARDUPILOT_BUILD', '-Wuninitialized', '-Warray-bounds', '-Wno-format-contains-nul', '-Werror=unused-but-set-variable', '-Werror=suggest-override', '-Werror=implicit-fallthrough', '-Werror=maybe-uninitialized', '-Werror=duplicated-cond', '-Werror=sizeof-pointer-div', '-O3', '-MMD', '-I../../../../modules/uavcan/libuavcan/include', '-DAP_SCRIPTING_CHECKS=1', '-DAP_SCRIPTING_ENABLED=1', '-DAP_SIM_ENABLED=0', '-DCONFIG_HAL_BOARD=HAL_BOARD_LINUX', '-DCONFIG_HAL_BOARD_SUBTYPE=HAL_BOARD_SUBTYPE_LINUX_BLUE', '-DENABLE_HEAP=1', '-DENABLE_ONVIF=0', '-DLUA_32BITS=1', '-DUAVCAN_CPP_VERSION=UAVCAN_CPP03', '-DUAVCAN_NO_ASSERTIONS=1', '-DUAVCAN_NULLPTR=nullptr', '-DWAF_BUILD=1', '-D__STDC_FORMAT_MACROS=1', '-DHAVE_LIBDL=1', '-DUAVCAN_EXCEPTIONS=0', '-DHAVE_CMATH_ISFINITE=1', '-DHAVE_CMATH_ISINF=1', '../../test.cpp', '-c', '-otest.cpp.1.o']
[2/2] Linking [33mbuild/.conf_check_f909f794ed8635d83235ed36a83e1625/testbuild/blue/testprog[0m

['/usr/lib/ccache/arm-linux-gnueabihf-g++', '-fno-exceptions', '-Wl,--gc-sections', '-pthread', 'test.cpp.1.o', '-otestprog', '-Wl,-Bstatic', '-Wl,-Bdynamic', '-lm', '-ldl']
yes
-----------------------------------------------------
Checking for NEED_CMATH_ISFINITE_STD_NAMESPACE
==>

        #include <math.h>
        #include <cmath>

        using std::isfinite;

        int main() {
          return isfinite((double)1);
        }
<==
[1/2] Compiling [32mbuild/.conf_check_86a574cb5b2d93e80d54173e5b93a752/test.cpp[0m

['/usr/lib/ccache/arm-linux-gnueabihf-g++', '-Werror=implicit-fallthrough', '-std=gnu++11', '-fdata-sections', '-ffunction-sections', '-fno-exceptions', '-fsigned-char', '-Wall', '-Wextra', '-Wpointer-arith', '-Wno-unused-parameter', '-Wno-missing-field-initializers', '-Wno-reorder', '-Wno-redundant-decls', '-Wno-unknown-pragmas', '-Wno-expansion-to-defined', '-Werror=cast-align', '-Werror=attributes', '-Werror=format-security', '-Werror=format-extra-args', '-Werror=enum-compare', '-Werror=format', '-Werror=array-bounds', '-Werror=uninitialized', '-Werror=init-self', '-Werror=narrowing', '-Werror=return-type', '-Werror=switch', '-Werror=sign-compare', '-Werror=type-limits', '-Werror=undef', '-Werror=unused-result', '-Werror=shadow', '-Werror=unused-value', '-Werror=unused-variable', '-Werror=delete-non-virtual-dtor', '-Wfatal-errors', '-Wno-trigraphs', '-Werror=parentheses', '-DARDUPILOT_BUILD', '-Wuninitialized', '-Warray-bounds', '-Wno-format-contains-nul', '-Werror=unused-but-set-variable', '-Werror=suggest-override', '-Werror=implicit-fallthrough', '-Werror=maybe-uninitialized', '-Werror=duplicated-cond', '-Werror=sizeof-pointer-div', '-O3', '-MMD', '-I../../../../modules/uavcan/libuavcan/include', '-DAP_SCRIPTING_CHECKS=1', '-DAP_SCRIPTING_ENABLED=1', '-DAP_SIM_ENABLED=0', '-DCONFIG_HAL_BOARD=HAL_BOARD_LINUX', '-DCONFIG_HAL_BOARD_SUBTYPE=HAL_BOARD_SUBTYPE_LINUX_BLUE', '-DENABLE_HEAP=1', '-DENABLE_ONVIF=0', '-DLUA_32BITS=1', '-DUAVCAN_CPP_VERSION=UAVCAN_CPP03', '-DUAVCAN_NO_ASSERTIONS=1', '-DUAVCAN_NULLPTR=nullptr', '-DWAF_BUILD=1', '-D__STDC_FORMAT_MACROS=1', '-DHAVE_LIBDL=1', '-DUAVCAN_EXCEPTIONS=0', '-DHAVE_CMATH_ISFINITE=1', '-DHAVE_CMATH_ISINF=1', '-DHAVE_CMATH_ISNAN=1', '../../test.cpp', '-c', '-otest.cpp.1.o']
[2/2] Linking [33mbuild/.conf_check_86a574cb5b2d93e80d54173e5b93a752/testbuild/blue/testprog[0m

['/usr/lib/ccache/arm-linux-gnueabihf-g++', '-fno-exceptions', '-Wl,--gc-sections', '-pthread', 'test.cpp.1.o', '-otestprog', '-Wl,-Bstatic', '-Wl,-Bdynamic', '-lm', '-ldl']
yes
-----------------------------------------------------
Checking for NEED_CMATH_ISINF_STD_NAMESPACE
==>

        #include <math.h>
        #include <cmath>

        using std::isinf;

        int main() {
          return isinf((double)1);
        }
<==
[1/2] Compiling [32mbuild/.conf_check_321c1f3ba038ee064bcd1af5b51b42eb/test.cpp[0m

['/usr/lib/ccache/arm-linux-gnueabihf-g++', '-Werror=implicit-fallthrough', '-std=gnu++11', '-fdata-sections', '-ffunction-sections', '-fno-exceptions', '-fsigned-char', '-Wall', '-Wextra', '-Wpointer-arith', '-Wno-unused-parameter', '-Wno-missing-field-initializers', '-Wno-reorder', '-Wno-redundant-decls', '-Wno-unknown-pragmas', '-Wno-expansion-to-defined', '-Werror=cast-align', '-Werror=attributes', '-Werror=format-security', '-Werror=format-extra-args', '-Werror=enum-compare', '-Werror=format', '-Werror=array-bounds', '-Werror=uninitialized', '-Werror=init-self', '-Werror=narrowing', '-Werror=return-type', '-Werror=switch', '-Werror=sign-compare', '-Werror=type-limits', '-Werror=undef', '-Werror=unused-result', '-Werror=shadow', '-Werror=unused-value', '-Werror=unused-variable', '-Werror=delete-non-virtual-dtor', '-Wfatal-errors', '-Wno-trigraphs', '-Werror=parentheses', '-DARDUPILOT_BUILD', '-Wuninitialized', '-Warray-bounds', '-Wno-format-contains-nul', '-Werror=unused-but-set-variable', '-Werror=suggest-override', '-Werror=implicit-fallthrough', '-Werror=maybe-uninitialized', '-Werror=duplicated-cond', '-Werror=sizeof-pointer-div', '-O3', '-MMD', '-I../../../../modules/uavcan/libuavcan/include', '-DAP_SCRIPTING_CHECKS=1', '-DAP_SCRIPTING_ENABLED=1', '-DAP_SIM_ENABLED=0', '-DCONFIG_HAL_BOARD=HAL_BOARD_LINUX', '-DCONFIG_HAL_BOARD_SUBTYPE=HAL_BOARD_SUBTYPE_LINUX_BLUE', '-DENABLE_HEAP=1', '-DENABLE_ONVIF=0', '-DLUA_32BITS=1', '-DUAVCAN_CPP_VERSION=UAVCAN_CPP03', '-DUAVCAN_NO_ASSERTIONS=1', '-DUAVCAN_NULLPTR=nullptr', '-DWAF_BUILD=1', '-D__STDC_FORMAT_MACROS=1', '-DHAVE_LIBDL=1', '-DUAVCAN_EXCEPTIONS=0', '-DHAVE_CMATH_ISFINITE=1', '-DHAVE_CMATH_ISINF=1', '-DHAVE_CMATH_ISNAN=1', '-DNEED_CMATH_ISFINITE_STD_NAMESPACE=1', '../../test.cpp', '-c', '-otest.cpp.1.o']
[2/2] Linking [33mbuild/.conf_check_321c1f3ba038ee064bcd1af5b51b42eb/testbuild/blue/testprog[0m

['/usr/lib/ccache/arm-linux-gnueabihf-g++', '-fno-exceptions', '-Wl,--gc-sections', '-pthread', 'test.cpp.1.o', '-otestprog', '-Wl,-Bstatic', '-Wl,-Bdynamic', '-lm', '-ldl']
yes
-----------------------------------------------------
Checking for NEED_CMATH_ISNAN_STD_NAMESPACE
==>

        #include <math.h>
        #include <cmath>

        using std::isnan;

        int main() {
          return isnan((double)1);
        }
<==
[1/2] Compiling [32mbuild/.conf_check_dc51ab21424bc773a778a72aaa102413/test.cpp[0m

['/usr/lib/ccache/arm-linux-gnueabihf-g++', '-Werror=implicit-fallthrough', '-std=gnu++11', '-fdata-sections', '-ffunction-sections', '-fno-exceptions', '-fsigned-char', '-Wall', '-Wextra', '-Wpointer-arith', '-Wno-unused-parameter', '-Wno-missing-field-initializers', '-Wno-reorder', '-Wno-redundant-decls', '-Wno-unknown-pragmas', '-Wno-expansion-to-defined', '-Werror=cast-align', '-Werror=attributes', '-Werror=format-security', '-Werror=format-extra-args', '-Werror=enum-compare', '-Werror=format', '-Werror=array-bounds', '-Werror=uninitialized', '-Werror=init-self', '-Werror=narrowing', '-Werror=return-type', '-Werror=switch', '-Werror=sign-compare', '-Werror=type-limits', '-Werror=undef', '-Werror=unused-result', '-Werror=shadow', '-Werror=unused-value', '-Werror=unused-variable', '-Werror=delete-non-virtual-dtor', '-Wfatal-errors', '-Wno-trigraphs', '-Werror=parentheses', '-DARDUPILOT_BUILD', '-Wuninitialized', '-Warray-bounds', '-Wno-format-contains-nul', '-Werror=unused-but-set-variable', '-Werror=suggest-override', '-Werror=implicit-fallthrough', '-Werror=maybe-uninitialized', '-Werror=duplicated-cond', '-Werror=sizeof-pointer-div', '-O3', '-MMD', '-I../../../../modules/uavcan/libuavcan/include', '-DAP_SCRIPTING_CHECKS=1', '-DAP_SCRIPTING_ENABLED=1', '-DAP_SIM_ENABLED=0', '-DCONFIG_HAL_BOARD=HAL_BOARD_LINUX', '-DCONFIG_HAL_BOARD_SUBTYPE=HAL_BOARD_SUBTYPE_LINUX_BLUE', '-DENABLE_HEAP=1', '-DENABLE_ONVIF=0', '-DLUA_32BITS=1', '-DUAVCAN_CPP_VERSION=UAVCAN_CPP03', '-DUAVCAN_NO_ASSERTIONS=1', '-DUAVCAN_NULLPTR=nullptr', '-DWAF_BUILD=1', '-D__STDC_FORMAT_MACROS=1', '-DHAVE_LIBDL=1', '-DUAVCAN_EXCEPTIONS=0', '-DHAVE_CMATH_ISFINITE=1', '-DHAVE_CMATH_ISINF=1', '-DHAVE_CMATH_ISNAN=1', '-DNEED_CMATH_ISFINITE_STD_NAMESPACE=1', '-DNEED_CMATH_ISINF_STD_NAMESPACE=1', '../../test.cpp', '-c', '-otest.cpp.1.o']
[2/2] Linking [33mbuild/.conf_check_dc51ab21424bc773a778a72aaa102413/testbuild/blue/testprog[0m

['/usr/lib/ccache/arm-linux-gnueabihf-g++', '-fno-exceptions', '-Wl,--gc-sections', '-pthread', 'test.cpp.1.o', '-otestprog', '-Wl,-Bstatic', '-Wl,-Bdynamic', '-lm', '-ldl']
yes
-----------------------------------------------------
Checking for header endian.h
==>
#include <endian.h>

int main(int argc, char **argv) {
	(void)argc; (void)argv;
	return 0;
}

<==
[1/2] Compiling [32mbuild/.conf_check_004e9b35e414082fd687a59052473dc9/test.cpp[0m

['/usr/lib/ccache/arm-linux-gnueabihf-g++', '-Werror=implicit-fallthrough', '-std=gnu++11', '-fdata-sections', '-ffunction-sections', '-fno-exceptions', '-fsigned-char', '-Wall', '-Wextra', '-Wpointer-arith', '-Wno-unused-parameter', '-Wno-missing-field-initializers', '-Wno-reorder', '-Wno-redundant-decls', '-Wno-unknown-pragmas', '-Wno-expansion-to-defined', '-Werror=cast-align', '-Werror=attributes', '-Werror=format-security', '-Werror=format-extra-args', '-Werror=enum-compare', '-Werror=format', '-Werror=array-bounds', '-Werror=uninitialized', '-Werror=init-self', '-Werror=narrowing', '-Werror=return-type', '-Werror=switch', '-Werror=sign-compare', '-Werror=type-limits', '-Werror=undef', '-Werror=unused-result', '-Werror=shadow', '-Werror=unused-value', '-Werror=unused-variable', '-Werror=delete-non-virtual-dtor', '-Wfatal-errors', '-Wno-trigraphs', '-Werror=parentheses', '-DARDUPILOT_BUILD', '-Wuninitialized', '-Warray-bounds', '-Wno-format-contains-nul', '-Werror=unused-but-set-variable', '-Werror=suggest-override', '-Werror=implicit-fallthrough', '-Werror=maybe-uninitialized', '-Werror=duplicated-cond', '-Werror=sizeof-pointer-div', '-O3', '-MMD', '-I../../../../modules/uavcan/libuavcan/include', '-DAP_SCRIPTING_CHECKS=1', '-DAP_SCRIPTING_ENABLED=1', '-DAP_SIM_ENABLED=0', '-DCONFIG_HAL_BOARD=HAL_BOARD_LINUX', '-DCONFIG_HAL_BOARD_SUBTYPE=HAL_BOARD_SUBTYPE_LINUX_BLUE', '-DENABLE_HEAP=1', '-DENABLE_ONVIF=0', '-DLUA_32BITS=1', '-DUAVCAN_CPP_VERSION=UAVCAN_CPP03', '-DUAVCAN_NO_ASSERTIONS=1', '-DUAVCAN_NULLPTR=nullptr', '-DWAF_BUILD=1', '-D__STDC_FORMAT_MACROS=1', '-DHAVE_LIBDL=1', '-DUAVCAN_EXCEPTIONS=0', '-DHAVE_CMATH_ISFINITE=1', '-DHAVE_CMATH_ISINF=1', '-DHAVE_CMATH_ISNAN=1', '-DNEED_CMATH_ISFINITE_STD_NAMESPACE=1', '-DNEED_CMATH_ISINF_STD_NAMESPACE=1', '-DNEED_CMATH_ISNAN_STD_NAMESPACE=1', '../../test.cpp', '-c', '-otest.cpp.1.o']
[2/2] Linking [33mbuild/.conf_check_004e9b35e414082fd687a59052473dc9/testbuild/blue/testprog[0m

['/usr/lib/ccache/arm-linux-gnueabihf-g++', '-fno-exceptions', '-Wl,--gc-sections', '-pthread', 'test.cpp.1.o', '-otestprog', '-Wl,-Bstatic', '-Wl,-Bdynamic', '-lm', '-ldl']
yes
-----------------------------------------------------
Checking for header byteswap.h
==>
#include <byteswap.h>

int main(int argc, char **argv) {
	(void)argc; (void)argv;
	return 0;
}

<==
[1/2] Compiling [32mbuild/.conf_check_30c76b2c19317e74e59302719745c8ec/test.cpp[0m

['/usr/lib/ccache/arm-linux-gnueabihf-g++', '-Werror=implicit-fallthrough', '-std=gnu++11', '-fdata-sections', '-ffunction-sections', '-fno-exceptions', '-fsigned-char', '-Wall', '-Wextra', '-Wpointer-arith', '-Wno-unused-parameter', '-Wno-missing-field-initializers', '-Wno-reorder', '-Wno-redundant-decls', '-Wno-unknown-pragmas', '-Wno-expansion-to-defined', '-Werror=cast-align', '-Werror=attributes', '-Werror=format-security', '-Werror=format-extra-args', '-Werror=enum-compare', '-Werror=format', '-Werror=array-bounds', '-Werror=uninitialized', '-Werror=init-self', '-Werror=narrowing', '-Werror=return-type', '-Werror=switch', '-Werror=sign-compare', '-Werror=type-limits', '-Werror=undef', '-Werror=unused-result', '-Werror=shadow', '-Werror=unused-value', '-Werror=unused-variable', '-Werror=delete-non-virtual-dtor', '-Wfatal-errors', '-Wno-trigraphs', '-Werror=parentheses', '-DARDUPILOT_BUILD', '-Wuninitialized', '-Warray-bounds', '-Wno-format-contains-nul', '-Werror=unused-but-set-variable', '-Werror=suggest-override', '-Werror=implicit-fallthrough', '-Werror=maybe-uninitialized', '-Werror=duplicated-cond', '-Werror=sizeof-pointer-div', '-O3', '-MMD', '-I../../../../modules/uavcan/libuavcan/include', '-DAP_SCRIPTING_CHECKS=1', '-DAP_SCRIPTING_ENABLED=1', '-DAP_SIM_ENABLED=0', '-DCONFIG_HAL_BOARD=HAL_BOARD_LINUX', '-DCONFIG_HAL_BOARD_SUBTYPE=HAL_BOARD_SUBTYPE_LINUX_BLUE', '-DENABLE_HEAP=1', '-DENABLE_ONVIF=0', '-DLUA_32BITS=1', '-DUAVCAN_CPP_VERSION=UAVCAN_CPP03', '-DUAVCAN_NO_ASSERTIONS=1', '-DUAVCAN_NULLPTR=nullptr', '-DWAF_BUILD=1', '-D__STDC_FORMAT_MACROS=1', '-DHAVE_LIBDL=1', '-DUAVCAN_EXCEPTIONS=0', '-DHAVE_CMATH_ISFINITE=1', '-DHAVE_CMATH_ISINF=1', '-DHAVE_CMATH_ISNAN=1', '-DNEED_CMATH_ISFINITE_STD_NAMESPACE=1', '-DNEED_CMATH_ISINF_STD_NAMESPACE=1', '-DNEED_CMATH_ISNAN_STD_NAMESPACE=1', '-DHAVE_ENDIAN_H=1', '../../test.cpp', '-c', '-otest.cpp.1.o']
[2/2] Linking [33mbuild/.conf_check_30c76b2c19317e74e59302719745c8ec/testbuild/blue/testprog[0m

['/usr/lib/ccache/arm-linux-gnueabihf-g++', '-fno-exceptions', '-Wl,--gc-sections', '-pthread', 'test.cpp.1.o', '-otestprog', '-Wl,-Bstatic', '-Wl,-Bdynamic', '-lm', '-ldl']
yes
-----------------------------------------------------
Checking for HAVE_MEMRCHR
==>

        #include <string.h>
        int main() {
        const char *s = "abc";
          return memrchr((const void *)s, 0, 3) != NULL;
        }
<==
[1/2] Compiling [32mbuild/.conf_check_d6acf51dc6262c9c5922479158f44407/test.cpp[0m

['/usr/lib/ccache/arm-linux-gnueabihf-g++', '-Werror=implicit-fallthrough', '-std=gnu++11', '-fdata-sections', '-ffunction-sections', '-fno-exceptions', '-fsigned-char', '-Wall', '-Wextra', '-Wpointer-arith', '-Wno-unused-parameter', '-Wno-missing-field-initializers', '-Wno-reorder', '-Wno-redundant-decls', '-Wno-unknown-pragmas', '-Wno-expansion-to-defined', '-Werror=cast-align', '-Werror=attributes', '-Werror=format-security', '-Werror=format-extra-args', '-Werror=enum-compare', '-Werror=format', '-Werror=array-bounds', '-Werror=uninitialized', '-Werror=init-self', '-Werror=narrowing', '-Werror=return-type', '-Werror=switch', '-Werror=sign-compare', '-Werror=type-limits', '-Werror=undef', '-Werror=unused-result', '-Werror=shadow', '-Werror=unused-value', '-Werror=unused-variable', '-Werror=delete-non-virtual-dtor', '-Wfatal-errors', '-Wno-trigraphs', '-Werror=parentheses', '-DARDUPILOT_BUILD', '-Wuninitialized', '-Warray-bounds', '-Wno-format-contains-nul', '-Werror=unused-but-set-variable', '-Werror=suggest-override', '-Werror=implicit-fallthrough', '-Werror=maybe-uninitialized', '-Werror=duplicated-cond', '-Werror=sizeof-pointer-div', '-O3', '-MMD', '-I../../../../modules/uavcan/libuavcan/include', '-DAP_SCRIPTING_CHECKS=1', '-DAP_SCRIPTING_ENABLED=1', '-DAP_SIM_ENABLED=0', '-DCONFIG_HAL_BOARD=HAL_BOARD_LINUX', '-DCONFIG_HAL_BOARD_SUBTYPE=HAL_BOARD_SUBTYPE_LINUX_BLUE', '-DENABLE_HEAP=1', '-DENABLE_ONVIF=0', '-DLUA_32BITS=1', '-DUAVCAN_CPP_VERSION=UAVCAN_CPP03', '-DUAVCAN_NO_ASSERTIONS=1', '-DUAVCAN_NULLPTR=nullptr', '-DWAF_BUILD=1', '-D__STDC_FORMAT_MACROS=1', '-DHAVE_LIBDL=1', '-DUAVCAN_EXCEPTIONS=0', '-DHAVE_CMATH_ISFINITE=1', '-DHAVE_CMATH_ISINF=1', '-DHAVE_CMATH_ISNAN=1', '-DNEED_CMATH_ISFINITE_STD_NAMESPACE=1', '-DNEED_CMATH_ISINF_STD_NAMESPACE=1', '-DNEED_CMATH_ISNAN_STD_NAMESPACE=1', '-DHAVE_ENDIAN_H=1', '-DHAVE_BYTESWAP_H=1', '../../test.cpp', '-c', '-otest.cpp.1.o']
[2/2] Linking [33mbuild/.conf_check_d6acf51dc6262c9c5922479158f44407/testbuild/blue/testprog[0m

['/usr/lib/ccache/arm-linux-gnueabihf-g++', '-fno-exceptions', '-Wl,--gc-sections', '-pthread', 'test.cpp.1.o', '-otestprog', '-Wl,-Bstatic', '-Wl,-Bdynamic', '-lm', '-ldl']
yes
-----------------------------------------------------
Configured VSCode Intellisense:
no
-----------------------------------------------------
Checking for program 'python'
/usr/bin/python3
find program=['python'] paths=['/home/phlastch/ardupilot/Tools/scripts/ardupilot/Tools/autotest', '/opt//bin', '/usr/lib/ccache', '/home/phlastch/ardupilot/Tools/autotest', '/home/phlastch/.local/bin', '/usr/local/sbin', '/usr/local/bin', '/usr/sbin', '/usr/bin', '/sbin', '/bin', '/usr/games', '/usr/local/games', '/usr/lib/wsl/lib', '/mnt/c/WINDOWS/system32', '/mnt/c/WINDOWS', '/mnt/c/WINDOWS/System32/Wbem', '/mnt/c/WINDOWS/System32/WindowsPowerShell/v1.0/', '/mnt/c/WINDOWS/System32/OpenSSH/', '/mnt/c/Program Files/Intel/WiFi/bin/', '/mnt/c/Program Files/Common Files/Intel/WirelessCommon/', '/mnt/c/Program Files/PuTTY/', '/mnt/c/Program Files/usbipd-win/', '/mnt/c/Users/silve/AppData/Local/Microsoft/WindowsApps'] var='PYTHON' -> ['/usr/bin/python3']
['/usr/bin/python3', '-c', 'import imp;print(imp.get_tag())']
out: cpython-39

err: <string>:1: DeprecationWarning: the imp module is deprecated in favour of importlib; see the module's documentation for alternative uses

['/usr/bin/python3', '-c', 'import sys\nfor x in sys.version_info: print(str(x))']
out: 3
9
2
final
0

['/usr/bin/python3', '-c', "from distutils.sysconfig import get_config_var, get_python_lib\n\nprint(repr(get_python_lib(standard_lib=0, prefix='/usr') or ''))"]
out: '/usr/lib/python3/dist-packages'

'/usr/lib/python3/dist-packages'

['/usr/bin/python3', '-c', "from distutils.sysconfig import get_config_var, get_python_lib\n\nprint(repr(get_python_lib(plat_specific=1, standard_lib=0, prefix='/usr') or ''))"]
out: '/usr/lib/python3/dist-packages'

'/usr/lib/python3/dist-packages'

-----------------------------------------------------
Checking for python version >= 2.7.0
3.9.2
-----------------------------------------------------
Checking for program 'python'
/usr/bin/python3
find program=['python'] paths=['/home/phlastch/ardupilot/Tools/scripts/ardupilot/Tools/autotest', '/opt//bin', '/usr/lib/ccache', '/home/phlastch/ardupilot/Tools/autotest', '/home/phlastch/.local/bin', '/usr/local/sbin', '/usr/local/bin', '/usr/sbin', '/usr/bin', '/sbin', '/bin', '/usr/games', '/usr/local/games', '/usr/lib/wsl/lib', '/mnt/c/WINDOWS/system32', '/mnt/c/WINDOWS', '/mnt/c/WINDOWS/System32/Wbem', '/mnt/c/WINDOWS/System32/WindowsPowerShell/v1.0/', '/mnt/c/WINDOWS/System32/OpenSSH/', '/mnt/c/Program Files/Intel/WiFi/bin/', '/mnt/c/Program Files/Common Files/Intel/WirelessCommon/', '/mnt/c/Program Files/PuTTY/', '/mnt/c/Program Files/usbipd-win/', '/mnt/c/Users/silve/AppData/Local/Microsoft/WindowsApps'] var='PYTHON' -> ['/usr/bin/python3']
['/usr/bin/python3', '-c', 'import imp;print(imp.get_tag())']
out: cpython-39

err: <string>:1: DeprecationWarning: the imp module is deprecated in favour of importlib; see the module's documentation for alternative uses

['/usr/bin/python3', '-c', 'import sys\nfor x in sys.version_info: print(str(x))']
out: 3
9
2
final
0

-----------------------------------------------------
Checking for python version >= 2.7.0
3.9.2
-----------------------------------------------------
Source is git repository
yes
-----------------------------------------------------
Update submodules
yes
-----------------------------------------------------
Checking for program 'git'
/usr/bin/git
find program=['git'] paths=['/home/phlastch/ardupilot/Tools/scripts/ardupilot/Tools/autotest', '/opt//bin', '/usr/lib/ccache', '/home/phlastch/ardupilot/Tools/autotest', '/home/phlastch/.local/bin', '/usr/local/sbin', '/usr/local/bin', '/usr/sbin', '/usr/bin', '/sbin', '/bin', '/usr/games', '/usr/local/games', '/usr/lib/wsl/lib', '/mnt/c/WINDOWS/system32', '/mnt/c/WINDOWS', '/mnt/c/WINDOWS/System32/Wbem', '/mnt/c/WINDOWS/System32/WindowsPowerShell/v1.0/', '/mnt/c/WINDOWS/System32/OpenSSH/', '/mnt/c/Program Files/Intel/WiFi/bin/', '/mnt/c/Program Files/Common Files/Intel/WirelessCommon/', '/mnt/c/Program Files/PuTTY/', '/mnt/c/Program Files/usbipd-win/', '/mnt/c/Users/silve/AppData/Local/Microsoft/WindowsApps'] var='GIT' -> ['/usr/bin/git']
-----------------------------------------------------
Checking for program 'arm-linux-gnueabihf-size'
/usr/bin/arm-linux-gnueabihf-size
find program=['arm-linux-gnueabihf-size'] paths=['/home/phlastch/ardupilot/Tools/scripts/ardupilot/Tools/autotest', '/opt//bin', '/usr/lib/ccache', '/home/phlastch/ardupilot/Tools/autotest', '/home/phlastch/.local/bin', '/usr/local/sbin', '/usr/local/bin', '/usr/sbin', '/usr/bin', '/sbin', '/bin', '/usr/games', '/usr/local/games', '/usr/lib/wsl/lib', '/mnt/c/WINDOWS/system32', '/mnt/c/WINDOWS', '/mnt/c/WINDOWS/System32/Wbem', '/mnt/c/WINDOWS/System32/WindowsPowerShell/v1.0/', '/mnt/c/WINDOWS/System32/OpenSSH/', '/mnt/c/Program Files/Intel/WiFi/bin/', '/mnt/c/Program Files/Common Files/Intel/WirelessCommon/', '/mnt/c/Program Files/PuTTY/', '/mnt/c/Program Files/usbipd-win/', '/mnt/c/Users/silve/AppData/Local/Microsoft/WindowsApps'] var='SIZE' -> ['/usr/bin/arm-linux-gnueabihf-size']
-----------------------------------------------------
Benchmarks
disabled
-----------------------------------------------------
Unit tests
enabled
-----------------------------------------------------
Scripting
enabled
-----------------------------------------------------
Scripting runtime checks
enabled
-----------------------------------------------------
Debug build
disabled
-----------------------------------------------------
Coverage build
disabled
-----------------------------------------------------
SITL 32-bit build
disabled
-----------------------------------------------------
Checking for program 'rsync'
/usr/bin/rsync
find program=['rsync'] paths=['/home/phlastch/ardupilot/Tools/scripts/ardupilot/Tools/autotest', '/opt//bin', '/usr/lib/ccache', '/home/phlastch/ardupilot/Tools/autotest', '/home/phlastch/.local/bin', '/usr/local/sbin', '/usr/local/bin', '/usr/sbin', '/usr/bin', '/sbin', '/bin', '/usr/games', '/usr/local/games', '/usr/lib/wsl/lib', '/mnt/c/WINDOWS/system32', '/mnt/c/WINDOWS', '/mnt/c/WINDOWS/System32/Wbem', '/mnt/c/WINDOWS/System32/WindowsPowerShell/v1.0/', '/mnt/c/WINDOWS/System32/OpenSSH/', '/mnt/c/Program Files/Intel/WiFi/bin/', '/mnt/c/Program Files/Common Files/Intel/WirelessCommon/', '/mnt/c/Program Files/PuTTY/', '/mnt/c/Program Files/usbipd-win/', '/mnt/c/Users/silve/AppData/Local/Microsoft/WindowsApps'] var='RSYNC' -> ['/usr/bin/rsync']
-----------------------------------------------------
Setting rsync destination to
debian@192.168.1.11:/home/debian/
